{"contracts/StakeToken.sol":{"l":{"24":45,"25":45,"31":8,"33":8,"34":8,"39":5,"40":5,"41":5,"42":5,"43":5,"46":5,"50":1,"56":1,"58":1,"60":1,"64":1,"70":1,"71":1,"72":1,"76":1,"80":1,"81":1,"86":1,"90":4,"97":11,"98":11,"99":2,"101":1,"103":1,"105":7,"108":11},"path":"/home/koco/Downloads/Final_Project_Hack/contracts/StakeToken.sol","s":{"1":45,"2":45,"3":8,"4":8,"5":8,"6":5,"7":5,"8":5,"9":5,"10":5,"11":5,"12":1,"13":1,"14":1,"15":1,"16":1,"17":1,"18":1,"19":1,"20":1,"21":1,"22":1,"23":1,"24":4,"25":11,"26":11,"27":2,"28":9,"29":1,"30":8,"31":1,"32":7,"33":7,"34":11},"b":{"1":[8,0],"2":[5,0],"3":[5,0],"4":[1,0],"5":[1,0],"6":[1,0],"7":[2,9],"8":[1,8],"9":[1,7],"10":[7,0]},"f":{"1":45,"2":8,"3":5,"4":1,"5":1,"6":1,"7":1,"8":1,"9":4,"10":11},"fnMap":{"1":{"name":"constructor","line":23,"loc":{"start":{"line":23,"column":4},"end":{"line":26,"column":4}}},"2":{"name":"mint","line":28,"loc":{"start":{"line":28,"column":4},"end":{"line":36,"column":4}}},"3":{"name":"stake","line":38,"loc":{"start":{"line":38,"column":4},"end":{"line":47,"column":4}}},"4":{"name":"pricepertoken","line":49,"loc":{"start":{"line":49,"column":4},"end":{"line":51,"column":4}}},"5":{"name":"unstake","line":55,"loc":{"start":{"line":55,"column":4},"end":{"line":67,"column":4}}},"6":{"name":"rewardifunstake","line":69,"loc":{"start":{"line":69,"column":4},"end":{"line":73,"column":4}}},"7":{"name":"withdraw","line":75,"loc":{"start":{"line":75,"column":4},"end":{"line":82,"column":4}}},"8":{"name":"withdrawAllETH","line":85,"loc":{"start":{"line":85,"column":4},"end":{"line":87,"column":4}}},"9":{"name":"contractavailableETH","line":89,"loc":{"start":{"line":89,"column":4},"end":{"line":91,"column":4}}},"10":{"name":"calculateNFTType","line":95,"loc":{"start":{"line":95,"column":4},"end":{"line":109,"column":4}}}},"statementMap":{"1":{"start":{"line":24,"column":8},"end":{"line":24,"column":47}},"2":{"start":{"line":25,"column":8},"end":{"line":25,"column":58}},"3":{"start":{"line":31,"column":8},"end":{"line":31,"column":98}},"4":{"start":{"line":33,"column":8},"end":{"line":33,"column":32}},"5":{"start":{"line":34,"column":8},"end":{"line":34,"column":44}},"6":{"start":{"line":39,"column":8},"end":{"line":39,"column":129}},"7":{"start":{"line":40,"column":8},"end":{"line":40,"column":88}},"8":{"start":{"line":41,"column":8},"end":{"line":41,"column":39}},"9":{"start":{"line":42,"column":8},"end":{"line":42,"column":55}},"10":{"start":{"line":43,"column":8},"end":{"line":43,"column":32}},"11":{"start":{"line":46,"column":8},"end":{"line":46,"column":63}},"12":{"start":{"line":50,"column":8},"end":{"line":50,"column":47}},"13":{"start":{"line":56,"column":8},"end":{"line":56,"column":85}},"14":{"start":{"line":58,"column":8},"end":{"line":58,"column":101}},"15":{"start":{"line":60,"column":8},"end":{"line":60,"column":32}},"16":{"start":{"line":64,"column":8},"end":{"line":64,"column":37}},"17":{"start":{"line":70,"column":8},"end":{"line":70,"column":91}},"18":{"start":{"line":71,"column":8},"end":{"line":71,"column":89}},"19":{"start":{"line":72,"column":8},"end":{"line":72,"column":75}},"20":{"start":{"line":76,"column":8},"end":{"line":76,"column":79}},"21":{"start":{"line":80,"column":8},"end":{"line":80,"column":102}},"22":{"start":{"line":81,"column":8},"end":{"line":81,"column":47}},"23":{"start":{"line":86,"column":8},"end":{"line":86,"column":58}},"24":{"start":{"line":90,"column":8},"end":{"line":90,"column":39}},"25":{"start":{"line":97,"column":8},"end":{"line":97,"column":24}},"26":{"start":{"line":98,"column":8},"end":{"line":98,"column":3352}},"27":{"start":{"line":99,"column":12},"end":{"line":99,"column":23}},"28":{"start":{"line":100,"column":15},"end":{"line":100,"column":3426}},"29":{"start":{"line":101,"column":12},"end":{"line":101,"column":23}},"30":{"start":{"line":102,"column":15},"end":{"line":102,"column":3501}},"31":{"start":{"line":103,"column":12},"end":{"line":103,"column":23}},"32":{"start":{"line":104,"column":15},"end":{"line":104,"column":3578}},"33":{"start":{"line":105,"column":12},"end":{"line":105,"column":23}},"34":{"start":{"line":108,"column":8},"end":{"line":108,"column":23}}},"branchMap":{"1":{"line":31,"type":"if","locations":[{"start":{"line":31,"column":8},"end":{"line":31,"column":8}},{"start":{"line":31,"column":8},"end":{"line":31,"column":8}}]},"2":{"line":39,"type":"if","locations":[{"start":{"line":39,"column":8},"end":{"line":39,"column":8}},{"start":{"line":39,"column":8},"end":{"line":39,"column":8}}]},"3":{"line":40,"type":"if","locations":[{"start":{"line":40,"column":8},"end":{"line":40,"column":8}},{"start":{"line":40,"column":8},"end":{"line":40,"column":8}}]},"4":{"line":56,"type":"if","locations":[{"start":{"line":56,"column":8},"end":{"line":56,"column":8}},{"start":{"line":56,"column":8},"end":{"line":56,"column":8}}]},"5":{"line":70,"type":"if","locations":[{"start":{"line":70,"column":8},"end":{"line":70,"column":8}},{"start":{"line":70,"column":8},"end":{"line":70,"column":8}}]},"6":{"line":76,"type":"if","locations":[{"start":{"line":76,"column":8},"end":{"line":76,"column":8}},{"start":{"line":76,"column":8},"end":{"line":76,"column":8}}]},"7":{"line":98,"type":"if","locations":[{"start":{"line":98,"column":8},"end":{"line":98,"column":8}},{"start":{"line":98,"column":8},"end":{"line":98,"column":8}}]},"8":{"line":100,"type":"if","locations":[{"start":{"line":100,"column":15},"end":{"line":100,"column":15}},{"start":{"line":100,"column":15},"end":{"line":100,"column":15}}]},"9":{"line":102,"type":"if","locations":[{"start":{"line":102,"column":15},"end":{"line":102,"column":15}},{"start":{"line":102,"column":15},"end":{"line":102,"column":15}}]},"10":{"line":104,"type":"if","locations":[{"start":{"line":104,"column":15},"end":{"line":104,"column":15}},{"start":{"line":104,"column":15},"end":{"line":104,"column":15}}]}}},"contracts/StakeTokenNFT.sol":{"l":{"27":5,"32":5,"33":5,"38":1,"39":1,"40":4,"41":1,"44":1,"50":1,"51":1,"52":1,"53":1},"path":"/home/koco/Downloads/Final_Project_Hack/contracts/StakeTokenNFT.sol","s":{"1":5,"2":5,"3":5,"4":1,"5":1,"6":4,"7":1,"8":1,"9":1,"10":1,"11":1,"12":1},"b":{"1":[5,0],"2":[5,0],"3":[1,3],"4":[1,0]},"f":{"1":45,"2":5,"3":1,"4":1},"fnMap":{"1":{"name":"constructor","line":24,"loc":{"start":{"line":21,"column":4},"end":{"line":24,"column":6}}},"2":{"name":"mint","line":26,"loc":{"start":{"line":26,"column":4},"end":{"line":34,"column":4}}},"3":{"name":"burn","line":36,"loc":{"start":{"line":36,"column":4},"end":{"line":45,"column":4}}},"4":{"name":"getNFTType","line":48,"loc":{"start":{"line":48,"column":4},"end":{"line":56,"column":4}}}},"statementMap":{"1":{"start":{"line":27,"column":8},"end":{"line":27,"column":627}},"2":{"start":{"line":32,"column":8},"end":{"line":32,"column":89}},"3":{"start":{"line":33,"column":8},"end":{"line":33,"column":36}},"4":{"start":{"line":38,"column":6},"end":{"line":38,"column":21}},"5":{"start":{"line":39,"column":6},"end":{"line":39,"column":981}},"6":{"start":{"line":40,"column":8},"end":{"line":40,"column":1019}},"7":{"start":{"line":41,"column":10},"end":{"line":41,"column":21}},"8":{"start":{"line":44,"column":6},"end":{"line":44,"column":29}},"9":{"start":{"line":50,"column":6},"end":{"line":50,"column":1202}},"10":{"start":{"line":51,"column":8},"end":{"line":51,"column":1242}},"11":{"start":{"line":52,"column":10},"end":{"line":52,"column":26}},"12":{"start":{"line":53,"column":10},"end":{"line":53,"column":18}}},"branchMap":{"1":{"line":27,"type":"if","locations":[{"start":{"line":27,"column":8},"end":{"line":27,"column":8}},{"start":{"line":27,"column":8},"end":{"line":27,"column":8}}]},"2":{"line":32,"type":"if","locations":[{"start":{"line":32,"column":8},"end":{"line":32,"column":8}},{"start":{"line":32,"column":8},"end":{"line":32,"column":8}}]},"3":{"line":40,"type":"if","locations":[{"start":{"line":40,"column":8},"end":{"line":40,"column":8}},{"start":{"line":40,"column":8},"end":{"line":40,"column":8}}]},"4":{"line":51,"type":"if","locations":[{"start":{"line":51,"column":8},"end":{"line":51,"column":8}},{"start":{"line":51,"column":8},"end":{"line":51,"column":8}}]}}}}