TN:
SF:/home/koco/Downloads/Final_Project_Hack/contracts/StakeToken.sol
FN:23,constructor
FN:28,mint
FN:38,stake
FN:49,pricepertoken
FN:55,unstake
FN:69,rewardifunstake
FN:75,withdraw
FN:85,withdrawAllETH
FN:89,contractavailableETH
FN:95,calculateNFTType
FNF:10
FNH:10
FNDA:45,constructor
FNDA:8,mint
FNDA:5,stake
FNDA:1,pricepertoken
FNDA:1,unstake
FNDA:1,rewardifunstake
FNDA:1,withdraw
FNDA:1,withdrawAllETH
FNDA:4,contractavailableETH
FNDA:11,calculateNFTType
DA:24,45
DA:25,45
DA:31,8
DA:33,8
DA:34,8
DA:39,5
DA:40,5
DA:41,5
DA:42,5
DA:43,5
DA:46,5
DA:50,1
DA:56,1
DA:58,1
DA:60,1
DA:64,1
DA:70,1
DA:71,1
DA:72,1
DA:76,1
DA:80,1
DA:81,1
DA:86,1
DA:90,4
DA:97,11
DA:98,11
DA:99,2
DA:101,1
DA:103,1
DA:105,7
DA:108,11
LF:31
LH:31
BRDA:31,1,0,8
BRDA:31,1,1,0
BRDA:39,2,0,5
BRDA:39,2,1,0
BRDA:40,3,0,5
BRDA:40,3,1,0
BRDA:56,4,0,1
BRDA:56,4,1,0
BRDA:70,5,0,1
BRDA:70,5,1,0
BRDA:76,6,0,1
BRDA:76,6,1,0
BRDA:98,7,0,2
BRDA:98,7,1,9
BRDA:100,8,0,1
BRDA:100,8,1,8
BRDA:102,9,0,1
BRDA:102,9,1,7
BRDA:104,10,0,7
BRDA:104,10,1,0
BRF:20
BRH:13
end_of_record
TN:
SF:/home/koco/Downloads/Final_Project_Hack/contracts/StakeTokenNFT.sol
FN:24,constructor
FN:26,mint
FN:36,burn
FN:48,getNFTType
FNF:4
FNH:4
FNDA:45,constructor
FNDA:5,mint
FNDA:1,burn
FNDA:1,getNFTType
DA:27,5
DA:32,5
DA:33,5
DA:38,1
DA:39,1
DA:40,4
DA:41,1
DA:44,1
DA:50,1
DA:51,1
DA:52,1
DA:53,1
LF:12
LH:12
BRDA:27,1,0,5
BRDA:27,1,1,0
BRDA:32,2,0,5
BRDA:32,2,1,0
BRDA:40,3,0,1
BRDA:40,3,1,3
BRDA:51,4,0,1
BRDA:51,4,1,0
BRF:8
BRH:5
end_of_record
